vd-common/build/intermediates/manifest_merge_blame_file/release/manifest-merger-blame-release-report.txt
1<?xml version="1.0" encoding="utf-8"?>
2<!--
3  ~ Created on 2021-3-25 2:59:59 PM.
4  ~ Copyright © 2021 刘振林. All rights reserved.
5-->
6<manifest xmlns:android="http://schemas.android.com/apk/res/android"
7    package="com.liuzhenlin.common" >
8
9    <uses-sdk
10        android:minSdkVersion="23"
10-->src/main/AndroidManifest.xml
11        android:targetSdkVersion="29" />
11-->src/main/AndroidManifest.xml
12
13    <uses-permission android:name="android.permission.ACCESS_NETWORK_STATE" />
13-->src/main/AndroidManifest.xml:10:5-79
13-->src/main/AndroidManifest.xml:10:22-76
14
15    <application>
15-->src/main/AndroidManifest.xml:12:5-18:19
16        <receiver android:name="com.liuzhenlin.common.receiver.MediaButtonEventReceiver" >
16-->src/main/AndroidManifest.xml:13:9-17:20
16-->src/main/AndroidManifest.xml:13:19-68
17            <intent-filter>
17-->src/main/AndroidManifest.xml:14:13-16:29
18                <action android:name="android.intent.action.MEDIA_BUTTON" />
18-->src/main/AndroidManifest.xml:15:17-77
18-->src/main/AndroidManifest.xml:15:25-74
19            </intent-filter>
20        </receiver>
21    </application>
22
23</manifest>